{"/Users/iamshivansh02/Desktop/FoodHub/real-time-order-tracking/server/src/app.ts": {"path":"/Users/iamshivansh02/Desktop/FoodHub/real-time-order-tracking/server/src/app.ts","statementMap":{"0":{"start":{"line":1,"column":0},"end":{"line":1,"column":43}},"1":{"start":{"line":2,"column":0},"end":{"line":2,"column":24}},"2":{"start":{"line":3,"column":0},"end":{"line":3,"column":30}},"3":{"start":{"line":4,"column":0},"end":{"line":4,"column":61}},"4":{"start":{"line":6,"column":25},"end":{"line":40,"column":1}},"5":{"start":{"line":7,"column":14},"end":{"line":7,"column":23}},"6":{"start":{"line":10,"column":22},"end":{"line":17,"column":4}},"7":{"start":{"line":20,"column":2},"end":{"line":20,"column":29}},"8":{"start":{"line":21,"column":2},"end":{"line":21,"column":26}},"9":{"start":{"line":22,"column":2},"end":{"line":22,"column":50}},"10":{"start":{"line":25,"column":2},"end":{"line":30,"column":3}},"11":{"start":{"line":26,"column":4},"end":{"line":29,"column":7}},"12":{"start":{"line":27,"column":6},"end":{"line":27,"column":46}},"13":{"start":{"line":28,"column":6},"end":{"line":28,"column":13}},"14":{"start":{"line":33,"column":2},"end":{"line":33,"column":26}},"15":{"start":{"line":36,"column":2},"end":{"line":36,"column":27}},"16":{"start":{"line":37,"column":2},"end":{"line":37,"column":24}},"17":{"start":{"line":39,"column":2},"end":{"line":39,"column":13}},"18":{"start":{"line":6,"column":13},"end":{"line":6,"column":25}}},"fnMap":{"0":{"name":"(anonymous_1)","decl":{"start":{"line":6,"column":25},"end":{"line":6,"column":37}},"loc":{"start":{"line":6,"column":39},"end":{"line":40,"column":1}}},"1":{"name":"(anonymous_2)","decl":{"start":{"line":26,"column":12},"end":{"line":26,"column":13}},"loc":{"start":{"line":26,"column":31},"end":{"line":29,"column":5}}}},"branchMap":{"0":{"loc":{"start":{"line":11,"column":12},"end":{"line":13,"column":44}},"type":"cond-expr","locations":[{"start":{"line":12,"column":8},"end":{"line":12,"column":11}},{"start":{"line":13,"column":8},"end":{"line":13,"column":44}}]},"1":{"loc":{"start":{"line":25,"column":2},"end":{"line":30,"column":3}},"type":"if","locations":[{"start":{"line":25,"column":2},"end":{"line":30,"column":3}}]}},"s":{"0":2,"1":2,"2":2,"3":2,"4":2,"5":2,"6":2,"7":2,"8":2,"9":2,"10":2,"11":2,"12":31,"13":31,"14":2,"15":2,"16":2,"17":2,"18":2},"f":{"0":2,"1":31},"b":{"0":[0,2],"1":[2]}}
,"/Users/iamshivansh02/Desktop/FoodHub/real-time-order-tracking/server/src/controllers/index.ts": {"path":"/Users/iamshivansh02/Desktop/FoodHub/real-time-order-tracking/server/src/controllers/index.ts","statementMap":{"0":{"start":{"line":1,"column":0},"end":{"line":1,"column":33}},"1":{"start":{"line":2,"column":0},"end":{"line":2,"column":34}}},"fnMap":{},"branchMap":{},"s":{"0":2,"1":2},"f":{},"b":{}}
,"/Users/iamshivansh02/Desktop/FoodHub/real-time-order-tracking/server/src/controllers/menuController.ts": {"path":"/Users/iamshivansh02/Desktop/FoodHub/real-time-order-tracking/server/src/controllers/menuController.ts","statementMap":{"0":{"start":{"line":2,"column":0},"end":{"line":2,"column":42}},"1":{"start":{"line":9,"column":18},"end":{"line":9,"column":47}},"2":{"start":{"line":10,"column":4},"end":{"line":13,"column":7}},"3":{"start":{"line":20,"column":19},"end":{"line":20,"column":29}},"4":{"start":{"line":21,"column":17},"end":{"line":21,"column":48}},"5":{"start":{"line":23,"column":4},"end":{"line":29,"column":5}},"6":{"start":{"line":24,"column":6},"end":{"line":27,"column":9}},"7":{"start":{"line":28,"column":6},"end":{"line":28,"column":13}},"8":{"start":{"line":31,"column":4},"end":{"line":34,"column":7}},"9":{"start":{"line":4,"column":0},"end":{"line":4,"column":13}},"10":{"start":{"line":38,"column":13},"end":{"line":38,"column":51}}},"fnMap":{"0":{"name":"(anonymous_0)","decl":{"start":{"line":8,"column":2},"end":{"line":8,"column":9}},"loc":{"start":{"line":8,"column":37},"end":{"line":14,"column":3}}},"1":{"name":"(anonymous_1)","decl":{"start":{"line":19,"column":2},"end":{"line":19,"column":13}},"loc":{"start":{"line":19,"column":41},"end":{"line":35,"column":3}}}},"branchMap":{"0":{"loc":{"start":{"line":23,"column":4},"end":{"line":29,"column":5}},"type":"if","locations":[{"start":{"line":23,"column":4},"end":{"line":29,"column":5}}]}},"s":{"0":2,"1":2,"2":2,"3":2,"4":2,"5":2,"6":1,"7":1,"8":1,"9":2,"10":2},"f":{"0":2,"1":2},"b":{"0":[1]}}
,"/Users/iamshivansh02/Desktop/FoodHub/real-time-order-tracking/server/src/controllers/orderController.ts": {"path":"/Users/iamshivansh02/Desktop/FoodHub/real-time-order-tracking/server/src/controllers/orderController.ts","statementMap":{"0":{"start":{"line":2,"column":0},"end":{"line":2,"column":43}},"1":{"start":{"line":4,"column":0},"end":{"line":4,"column":40}},"2":{"start":{"line":11,"column":40},"end":{"line":11,"column":48}},"3":{"start":{"line":13,"column":19},"end":{"line":13,"column":54}},"4":{"start":{"line":15,"column":4},"end":{"line":21,"column":5}},"5":{"start":{"line":16,"column":6},"end":{"line":19,"column":9}},"6":{"start":{"line":20,"column":6},"end":{"line":20,"column":13}},"7":{"start":{"line":24,"column":15},"end":{"line":24,"column":28}},"8":{"start":{"line":25,"column":4},"end":{"line":33,"column":5}},"9":{"start":{"line":26,"column":6},"end":{"line":32,"column":9}},"10":{"start":{"line":27,"column":8},"end":{"line":31,"column":11}},"11":{"start":{"line":35,"column":4},"end":{"line":38,"column":7}},"12":{"start":{"line":45,"column":19},"end":{"line":45,"column":29}},"13":{"start":{"line":46,"column":18},"end":{"line":46,"column":47}},"14":{"start":{"line":48,"column":4},"end":{"line":54,"column":5}},"15":{"start":{"line":49,"column":6},"end":{"line":52,"column":9}},"16":{"start":{"line":53,"column":6},"end":{"line":53,"column":13}},"17":{"start":{"line":56,"column":4},"end":{"line":59,"column":7}},"18":{"start":{"line":66,"column":19},"end":{"line":66,"column":29}},"19":{"start":{"line":67,"column":41},"end":{"line":67,"column":49}},"20":{"start":{"line":69,"column":19},"end":{"line":69,"column":61}},"21":{"start":{"line":71,"column":4},"end":{"line":78,"column":5}},"22":{"start":{"line":72,"column":25},"end":{"line":72,"column":71}},"23":{"start":{"line":73,"column":6},"end":{"line":76,"column":9}},"24":{"start":{"line":77,"column":6},"end":{"line":77,"column":13}},"25":{"start":{"line":81,"column":15},"end":{"line":81,"column":28}},"26":{"start":{"line":82,"column":4},"end":{"line":88,"column":5}},"27":{"start":{"line":83,"column":6},"end":{"line":87,"column":9}},"28":{"start":{"line":90,"column":4},"end":{"line":93,"column":7}},"29":{"start":{"line":6,"column":0},"end":{"line":6,"column":13}},"30":{"start":{"line":97,"column":13},"end":{"line":97,"column":53}}},"fnMap":{"0":{"name":"(anonymous_0)","decl":{"start":{"line":10,"column":2},"end":{"line":10,"column":13}},"loc":{"start":{"line":10,"column":41},"end":{"line":39,"column":3}}},"1":{"name":"(anonymous_1)","decl":{"start":{"line":26,"column":57},"end":{"line":26,"column":58}},"loc":{"start":{"line":26,"column":77},"end":{"line":32,"column":7}}},"2":{"name":"(anonymous_2)","decl":{"start":{"line":44,"column":2},"end":{"line":44,"column":10}},"loc":{"start":{"line":44,"column":38},"end":{"line":60,"column":3}}},"3":{"name":"(anonymous_3)","decl":{"start":{"line":65,"column":2},"end":{"line":65,"column":19}},"loc":{"start":{"line":65,"column":47},"end":{"line":94,"column":3}}}},"branchMap":{"0":{"loc":{"start":{"line":15,"column":4},"end":{"line":21,"column":5}},"type":"if","locations":[{"start":{"line":15,"column":4},"end":{"line":21,"column":5}}]},"1":{"loc":{"start":{"line":25,"column":4},"end":{"line":33,"column":5}},"type":"if","locations":[{"start":{"line":25,"column":4},"end":{"line":33,"column":5}}]},"2":{"loc":{"start":{"line":25,"column":8},"end":{"line":25,"column":28}},"type":"binary-expr","locations":[{"start":{"line":25,"column":8},"end":{"line":25,"column":10}},{"start":{"line":25,"column":14},"end":{"line":25,"column":28}}]},"3":{"loc":{"start":{"line":48,"column":4},"end":{"line":54,"column":5}},"type":"if","locations":[{"start":{"line":48,"column":4},"end":{"line":54,"column":5}}]},"4":{"loc":{"start":{"line":71,"column":4},"end":{"line":78,"column":5}},"type":"if","locations":[{"start":{"line":71,"column":4},"end":{"line":78,"column":5}}]},"5":{"loc":{"start":{"line":72,"column":25},"end":{"line":72,"column":71}},"type":"cond-expr","locations":[{"start":{"line":72,"column":62},"end":{"line":72,"column":65}},{"start":{"line":72,"column":68},"end":{"line":72,"column":71}}]},"6":{"loc":{"start":{"line":82,"column":4},"end":{"line":88,"column":5}},"type":"if","locations":[{"start":{"line":82,"column":4},"end":{"line":88,"column":5}}]},"7":{"loc":{"start":{"line":82,"column":8},"end":{"line":82,"column":26}},"type":"binary-expr","locations":[{"start":{"line":82,"column":8},"end":{"line":82,"column":10}},{"start":{"line":82,"column":14},"end":{"line":82,"column":26}}]}},"s":{"0":2,"1":2,"2":9,"3":9,"4":9,"5":1,"6":1,"7":8,"8":8,"9":0,"10":0,"11":8,"12":2,"13":2,"14":2,"15":1,"16":1,"17":1,"18":8,"19":8,"20":8,"21":8,"22":3,"23":3,"24":3,"25":5,"26":5,"27":0,"28":5,"29":2,"30":2},"f":{"0":9,"1":0,"2":2,"3":8},"b":{"0":[1],"1":[0],"2":[8,0],"3":[1],"4":[3],"5":[1,2],"6":[0],"7":[5,0]}}
,"/Users/iamshivansh02/Desktop/FoodHub/real-time-order-tracking/server/src/middleware/errorHandler.ts": {"path":"/Users/iamshivansh02/Desktop/FoodHub/real-time-order-tracking/server/src/middleware/errorHandler.ts","statementMap":{"0":{"start":{"line":2,"column":0},"end":{"line":2,"column":31}},"1":{"start":{"line":9,"column":4},"end":{"line":9,"column":19}},"2":{"start":{"line":10,"column":4},"end":{"line":10,"column":33}},"3":{"start":{"line":11,"column":4},"end":{"line":11,"column":52}},"4":{"start":{"line":5,"column":0},"end":{"line":5,"column":13}},"5":{"start":{"line":16,"column":28},"end":{"line":55,"column":1}},"6":{"start":{"line":22,"column":2},"end":{"line":22,"column":31}},"7":{"start":{"line":25,"column":2},"end":{"line":37,"column":3}},"8":{"start":{"line":26,"column":19},"end":{"line":29,"column":7}},"9":{"start":{"line":26,"column":40},"end":{"line":29,"column":6}},"10":{"start":{"line":31,"column":4},"end":{"line":35,"column":7}},"11":{"start":{"line":36,"column":4},"end":{"line":36,"column":11}},"12":{"start":{"line":40,"column":2},"end":{"line":46,"column":3}},"13":{"start":{"line":41,"column":4},"end":{"line":44,"column":7}},"14":{"start":{"line":45,"column":4},"end":{"line":45,"column":11}},"15":{"start":{"line":49,"column":2},"end":{"line":54,"column":5}},"16":{"start":{"line":16,"column":13},"end":{"line":16,"column":28}},"17":{"start":{"line":58,"column":31},"end":{"line":67,"column":1}},"18":{"start":{"line":63,"column":2},"end":{"line":66,"column":5}},"19":{"start":{"line":58,"column":13},"end":{"line":58,"column":31}}},"fnMap":{"0":{"name":"(anonymous_0)","decl":{"start":{"line":8,"column":2},"end":{"line":8,"column":14}},"loc":{"start":{"line":8,"column":55},"end":{"line":12,"column":3}}},"1":{"name":"(anonymous_1)","decl":{"start":{"line":16,"column":28},"end":{"line":16,"column":null}},"loc":{"start":{"line":21,"column":10},"end":{"line":55,"column":1}}},"2":{"name":"(anonymous_2)","decl":{"start":{"line":26,"column":34},"end":{"line":26,"column":35}},"loc":{"start":{"line":26,"column":40},"end":{"line":29,"column":6}}},"3":{"name":"(anonymous_3)","decl":{"start":{"line":58,"column":31},"end":{"line":58,"column":null}},"loc":{"start":{"line":62,"column":10},"end":{"line":67,"column":1}}}},"branchMap":{"0":{"loc":{"start":{"line":8,"column":31},"end":{"line":8,"column":55}},"type":"default-arg","locations":[{"start":{"line":8,"column":52},"end":{"line":8,"column":55}}]},"1":{"loc":{"start":{"line":25,"column":2},"end":{"line":37,"column":3}},"type":"if","locations":[{"start":{"line":25,"column":2},"end":{"line":37,"column":3}}]},"2":{"loc":{"start":{"line":40,"column":2},"end":{"line":46,"column":3}},"type":"if","locations":[{"start":{"line":40,"column":2},"end":{"line":46,"column":3}}]},"3":{"loc":{"start":{"line":51,"column":13},"end":{"line":53,"column":19}},"type":"cond-expr","locations":[{"start":{"line":52,"column":8},"end":{"line":52,"column":31}},{"start":{"line":53,"column":8},"end":{"line":53,"column":19}}]}},"s":{"0":2,"1":0,"2":0,"3":0,"4":2,"5":2,"6":0,"7":0,"8":0,"9":0,"10":0,"11":0,"12":0,"13":0,"14":0,"15":0,"16":2,"17":2,"18":0,"19":2},"f":{"0":0,"1":0,"2":0,"3":0},"b":{"0":[0],"1":[0],"2":[0],"3":[0,0]}}
,"/Users/iamshivansh02/Desktop/FoodHub/real-time-order-tracking/server/src/middleware/index.ts": {"path":"/Users/iamshivansh02/Desktop/FoodHub/real-time-order-tracking/server/src/middleware/index.ts","statementMap":{"0":{"start":{"line":1,"column":0},"end":{"line":1,"column":31}},"1":{"start":{"line":2,"column":0},"end":{"line":2,"column":34}}},"fnMap":{},"branchMap":{},"s":{"0":2,"1":2},"f":{},"b":{}}
,"/Users/iamshivansh02/Desktop/FoodHub/real-time-order-tracking/server/src/middleware/validateRequest.ts": {"path":"/Users/iamshivansh02/Desktop/FoodHub/real-time-order-tracking/server/src/middleware/validateRequest.ts","statementMap":{"0":{"start":{"line":2,"column":0},"end":{"line":2,"column":45}},"1":{"start":{"line":7,"column":24},"end":{"line":29,"column":1}},"2":{"start":{"line":8,"column":2},"end":{"line":28,"column":4}},"3":{"start":{"line":9,"column":4},"end":{"line":27,"column":5}},"4":{"start":{"line":10,"column":6},"end":{"line":10,"column":40}},"5":{"start":{"line":11,"column":6},"end":{"line":11,"column":13}},"6":{"start":{"line":13,"column":6},"end":{"line":25,"column":7}},"7":{"start":{"line":14,"column":23},"end":{"line":17,"column":11}},"8":{"start":{"line":14,"column":46},"end":{"line":17,"column":10}},"9":{"start":{"line":19,"column":8},"end":{"line":23,"column":11}},"10":{"start":{"line":24,"column":8},"end":{"line":24,"column":15}},"11":{"start":{"line":26,"column":6},"end":{"line":26,"column":18}},"12":{"start":{"line":7,"column":13},"end":{"line":7,"column":24}}},"fnMap":{"0":{"name":"(anonymous_0)","decl":{"start":{"line":7,"column":24},"end":{"line":7,"column":25}},"loc":{"start":{"line":7,"column":49},"end":{"line":29,"column":1}}},"1":{"name":"(anonymous_1)","decl":{"start":{"line":8,"column":9},"end":{"line":8,"column":14}},"loc":{"start":{"line":8,"column":82},"end":{"line":28,"column":3}}},"2":{"name":"(anonymous_2)","decl":{"start":{"line":14,"column":40},"end":{"line":14,"column":41}},"loc":{"start":{"line":14,"column":46},"end":{"line":17,"column":10}}}},"branchMap":{"0":{"loc":{"start":{"line":13,"column":6},"end":{"line":25,"column":7}},"type":"if","locations":[{"start":{"line":13,"column":6},"end":{"line":25,"column":7}}]},"1":{"loc":{"start":{"line":21,"column":19},"end":{"line":21,"column":60}},"type":"binary-expr","locations":[{"start":{"line":21,"column":19},"end":{"line":21,"column":37}},{"start":{"line":21,"column":41},"end":{"line":21,"column":60}}]}},"s":{"0":2,"1":2,"2":4,"3":24,"4":24,"5":17,"6":7,"7":7,"8":7,"9":7,"10":7,"11":0,"12":2},"f":{"0":4,"1":24,"2":7},"b":{"0":[7],"1":[7,0]}}
,"/Users/iamshivansh02/Desktop/FoodHub/real-time-order-tracking/server/src/models/index.ts": {"path":"/Users/iamshivansh02/Desktop/FoodHub/real-time-order-tracking/server/src/models/index.ts","statementMap":{"0":{"start":{"line":1,"column":0},"end":{"line":1,"column":24}},"1":{"start":{"line":2,"column":0},"end":{"line":2,"column":24}}},"fnMap":{},"branchMap":{},"s":{"0":2,"1":2},"f":{},"b":{}}
,"/Users/iamshivansh02/Desktop/FoodHub/real-time-order-tracking/server/src/models/store.ts": {"path":"/Users/iamshivansh02/Desktop/FoodHub/real-time-order-tracking/server/src/models/store.ts","statementMap":{"0":{"start":{"line":4,"column":13},"end":{"line":40,"column":2}},"1":{"start":{"line":43,"column":13},"end":{"line":43,"column":52}},"2":{"start":{"line":46,"column":28},"end":{"line":46,"column":55}},"3":{"start":{"line":46,"column":46},"end":{"line":46,"column":55}},"4":{"start":{"line":46,"column":13},"end":{"line":46,"column":28}},"5":{"start":{"line":48,"column":27},"end":{"line":49,"column":40}},"6":{"start":{"line":49,"column":2},"end":{"line":49,"column":40}},"7":{"start":{"line":49,"column":25},"end":{"line":49,"column":39}},"8":{"start":{"line":48,"column":13},"end":{"line":48,"column":27}},"9":{"start":{"line":51,"column":24},"end":{"line":51,"column":73}},"10":{"start":{"line":51,"column":59},"end":{"line":51,"column":73}},"11":{"start":{"line":51,"column":13},"end":{"line":51,"column":24}},"12":{"start":{"line":53,"column":27},"end":{"line":56,"column":1}},"13":{"start":{"line":54,"column":2},"end":{"line":54,"column":30}},"14":{"start":{"line":55,"column":2},"end":{"line":55,"column":15}},"15":{"start":{"line":53,"column":13},"end":{"line":53,"column":27}},"16":{"start":{"line":58,"column":33},"end":{"line":66,"column":1}},"17":{"start":{"line":59,"column":16},"end":{"line":59,"column":30}},"18":{"start":{"line":60,"column":2},"end":{"line":64,"column":3}},"19":{"start":{"line":61,"column":4},"end":{"line":61,"column":26}},"20":{"start":{"line":62,"column":4},"end":{"line":62,"column":26}},"21":{"start":{"line":63,"column":4},"end":{"line":63,"column":17}},"22":{"start":{"line":65,"column":2},"end":{"line":65,"column":19}},"23":{"start":{"line":58,"column":13},"end":{"line":58,"column":33}},"24":{"start":{"line":68,"column":28},"end":{"line":68,"column":70}},"25":{"start":{"line":68,"column":43},"end":{"line":68,"column":70}},"26":{"start":{"line":68,"column":13},"end":{"line":68,"column":28}}},"fnMap":{"0":{"name":"(anonymous_0)","decl":{"start":{"line":46,"column":28},"end":{"line":46,"column":43}},"loc":{"start":{"line":46,"column":46},"end":{"line":46,"column":55}}},"1":{"name":"(anonymous_1)","decl":{"start":{"line":48,"column":27},"end":{"line":48,"column":28}},"loc":{"start":{"line":49,"column":2},"end":{"line":49,"column":40}}},"2":{"name":"(anonymous_2)","decl":{"start":{"line":49,"column":17},"end":{"line":49,"column":21}},"loc":{"start":{"line":49,"column":25},"end":{"line":49,"column":39}}},"3":{"name":"(anonymous_3)","decl":{"start":{"line":51,"column":24},"end":{"line":51,"column":25}},"loc":{"start":{"line":51,"column":59},"end":{"line":51,"column":73}}},"4":{"name":"(anonymous_4)","decl":{"start":{"line":53,"column":27},"end":{"line":53,"column":28}},"loc":{"start":{"line":53,"column":51},"end":{"line":56,"column":1}}},"5":{"name":"(anonymous_5)","decl":{"start":{"line":58,"column":33},"end":{"line":58,"column":34}},"loc":{"start":{"line":58,"column":92},"end":{"line":66,"column":1}}},"6":{"name":"(anonymous_6)","decl":{"start":{"line":68,"column":28},"end":{"line":68,"column":40}},"loc":{"start":{"line":68,"column":43},"end":{"line":68,"column":70}}}},"branchMap":{"0":{"loc":{"start":{"line":60,"column":2},"end":{"line":64,"column":3}},"type":"if","locations":[{"start":{"line":60,"column":2},"end":{"line":64,"column":3}}]}},"s":{"0":2,"1":2,"2":2,"3":2,"4":2,"5":2,"6":21,"7":31,"8":2,"9":2,"10":10,"11":2,"12":2,"13":8,"14":8,"15":2,"16":2,"17":5,"18":5,"19":5,"20":5,"21":5,"22":0,"23":2,"24":2,"25":0,"26":2},"f":{"0":2,"1":21,"2":31,"3":10,"4":8,"5":5,"6":0},"b":{"0":[5]}}
,"/Users/iamshivansh02/Desktop/FoodHub/real-time-order-tracking/server/src/routes/index.ts": {"path":"/Users/iamshivansh02/Desktop/FoodHub/real-time-order-tracking/server/src/routes/index.ts","statementMap":{"0":{"start":{"line":1,"column":0},"end":{"line":1,"column":33}},"1":{"start":{"line":2,"column":0},"end":{"line":2,"column":38}},"2":{"start":{"line":3,"column":0},"end":{"line":3,"column":40}},"3":{"start":{"line":5,"column":15},"end":{"line":5,"column":23}},"4":{"start":{"line":8,"column":0},"end":{"line":8,"column":32}},"5":{"start":{"line":9,"column":0},"end":{"line":9,"column":35}},"6":{"start":{"line":12,"column":0},"end":{"line":14,"column":3}},"7":{"start":{"line":13,"column":2},"end":{"line":13,"column":66}},"8":{"start":{"line":16,"column":0},"end":{"line":16,"column":22}}},"fnMap":{"0":{"name":"(anonymous_1)","decl":{"start":{"line":12,"column":22},"end":{"line":12,"column":23}},"loc":{"start":{"line":12,"column":35},"end":{"line":14,"column":1}}}},"branchMap":{},"s":{"0":2,"1":2,"2":2,"3":2,"4":2,"5":2,"6":2,"7":1,"8":2},"f":{"0":1},"b":{}}
,"/Users/iamshivansh02/Desktop/FoodHub/real-time-order-tracking/server/src/routes/menuRoutes.ts": {"path":"/Users/iamshivansh02/Desktop/FoodHub/real-time-order-tracking/server/src/routes/menuRoutes.ts","statementMap":{"0":{"start":{"line":1,"column":0},"end":{"line":1,"column":33}},"1":{"start":{"line":2,"column":0},"end":{"line":2,"column":48}},"2":{"start":{"line":4,"column":15},"end":{"line":4,"column":23}},"3":{"start":{"line":7,"column":0},"end":{"line":7,"column":64}},"4":{"start":{"line":7,"column":30},"end":{"line":7,"column":62}},"5":{"start":{"line":10,"column":0},"end":{"line":10,"column":71}},"6":{"start":{"line":10,"column":33},"end":{"line":10,"column":69}},"7":{"start":{"line":12,"column":0},"end":{"line":12,"column":22}}},"fnMap":{"0":{"name":"(anonymous_0)","decl":{"start":{"line":7,"column":16},"end":{"line":7,"column":17}},"loc":{"start":{"line":7,"column":30},"end":{"line":7,"column":62}}},"1":{"name":"(anonymous_1)","decl":{"start":{"line":10,"column":19},"end":{"line":10,"column":20}},"loc":{"start":{"line":10,"column":33},"end":{"line":10,"column":69}}}},"branchMap":{},"s":{"0":2,"1":2,"2":2,"3":2,"4":2,"5":2,"6":2,"7":2},"f":{"0":2,"1":2},"b":{}}
,"/Users/iamshivansh02/Desktop/FoodHub/real-time-order-tracking/server/src/routes/orderRoutes.ts": {"path":"/Users/iamshivansh02/Desktop/FoodHub/real-time-order-tracking/server/src/routes/orderRoutes.ts","statementMap":{"0":{"start":{"line":1,"column":0},"end":{"line":1,"column":33}},"1":{"start":{"line":2,"column":0},"end":{"line":2,"column":49}},"2":{"start":{"line":3,"column":0},"end":{"line":3,"column":41}},"3":{"start":{"line":4,"column":0},"end":{"line":4,"column":70}},"4":{"start":{"line":6,"column":15},"end":{"line":6,"column":23}},"5":{"start":{"line":9,"column":0},"end":{"line":13,"column":2}},"6":{"start":{"line":12,"column":16},"end":{"line":12,"column":53}},"7":{"start":{"line":16,"column":0},"end":{"line":16,"column":69}},"8":{"start":{"line":16,"column":33},"end":{"line":16,"column":67}},"9":{"start":{"line":19,"column":0},"end":{"line":23,"column":2}},"10":{"start":{"line":22,"column":16},"end":{"line":22,"column":59}},"11":{"start":{"line":25,"column":0},"end":{"line":25,"column":22}}},"fnMap":{"0":{"name":"(anonymous_0)","decl":{"start":{"line":12,"column":2},"end":{"line":12,"column":3}},"loc":{"start":{"line":12,"column":16},"end":{"line":12,"column":53}}},"1":{"name":"(anonymous_1)","decl":{"start":{"line":16,"column":19},"end":{"line":16,"column":20}},"loc":{"start":{"line":16,"column":33},"end":{"line":16,"column":67}}},"2":{"name":"(anonymous_2)","decl":{"start":{"line":22,"column":2},"end":{"line":22,"column":3}},"loc":{"start":{"line":22,"column":16},"end":{"line":22,"column":59}}}},"branchMap":{},"s":{"0":2,"1":2,"2":2,"3":2,"4":2,"5":2,"6":9,"7":2,"8":2,"9":2,"10":8,"11":2},"f":{"0":9,"1":2,"2":8},"b":{}}
,"/Users/iamshivansh02/Desktop/FoodHub/real-time-order-tracking/server/src/services/index.ts": {"path":"/Users/iamshivansh02/Desktop/FoodHub/real-time-order-tracking/server/src/services/index.ts","statementMap":{"0":{"start":{"line":1,"column":0},"end":{"line":1,"column":30}},"1":{"start":{"line":2,"column":0},"end":{"line":2,"column":31}}},"fnMap":{},"branchMap":{},"s":{"0":2,"1":2},"f":{},"b":{}}
,"/Users/iamshivansh02/Desktop/FoodHub/real-time-order-tracking/server/src/services/menuService.ts": {"path":"/Users/iamshivansh02/Desktop/FoodHub/real-time-order-tracking/server/src/services/menuService.ts","statementMap":{"0":{"start":{"line":1,"column":0},"end":{"line":1,"column":54}},"1":{"start":{"line":9,"column":4},"end":{"line":9,"column":26}},"2":{"start":{"line":16,"column":4},"end":{"line":16,"column":27}},"3":{"start":{"line":23,"column":23},"end":{"line":23,"column":61}},"4":{"start":{"line":23,"column":44},"end":{"line":23,"column":60}},"5":{"start":{"line":24,"column":4},"end":{"line":27,"column":6}},"6":{"start":{"line":4,"column":0},"end":{"line":4,"column":13}},"7":{"start":{"line":31,"column":13},"end":{"line":31,"column":45}}},"fnMap":{"0":{"name":"(anonymous_0)","decl":{"start":{"line":8,"column":2},"end":{"line":8,"column":17}},"loc":{"start":{"line":8,"column":17},"end":{"line":10,"column":3}}},"1":{"name":"(anonymous_1)","decl":{"start":{"line":15,"column":2},"end":{"line":15,"column":17}},"loc":{"start":{"line":15,"column":28},"end":{"line":17,"column":3}}},"2":{"name":"(anonymous_2)","decl":{"start":{"line":22,"column":2},"end":{"line":22,"column":17}},"loc":{"start":{"line":22,"column":35},"end":{"line":28,"column":3}}},"3":{"name":"(anonymous_3)","decl":{"start":{"line":23,"column":38},"end":{"line":23,"column":40}},"loc":{"start":{"line":23,"column":44},"end":{"line":23,"column":60}}}},"branchMap":{},"s":{"0":2,"1":2,"2":2,"3":9,"4":10,"5":9,"6":2,"7":2},"f":{"0":2,"1":2,"2":9,"3":10},"b":{}}
,"/Users/iamshivansh02/Desktop/FoodHub/real-time-order-tracking/server/src/services/orderService.ts": {"path":"/Users/iamshivansh02/Desktop/FoodHub/real-time-order-tracking/server/src/services/orderService.ts","statementMap":{"0":{"start":{"line":1,"column":0},"end":{"line":1,"column":36}},"1":{"start":{"line":9,"column":0},"end":{"line":9,"column":null}},"2":{"start":{"line":15,"column":0},"end":{"line":15,"column":44}},"3":{"start":{"line":18,"column":67},"end":{"line":22,"column":2}},"4":{"start":{"line":25,"column":10},"end":{"line":25,"column":73}},"5":{"start":{"line":32,"column":20},"end":{"line":32,"column":58}},"6":{"start":{"line":32,"column":46},"end":{"line":32,"column":57}},"7":{"start":{"line":33,"column":23},"end":{"line":33,"column":59}},"8":{"start":{"line":35,"column":4},"end":{"line":40,"column":5}},"9":{"start":{"line":36,"column":6},"end":{"line":39,"column":8}},"10":{"start":{"line":43,"column":36},"end":{"line":51,"column":6}},"11":{"start":{"line":44,"column":23},"end":{"line":44,"column":48}},"12":{"start":{"line":45,"column":6},"end":{"line":50,"column":8}},"13":{"start":{"line":54,"column":23},"end":{"line":56,"column":null}},"14":{"start":{"line":55,"column":23},"end":{"line":55,"column":59}},"15":{"start":{"line":60,"column":25},"end":{"line":69,"column":6}},"16":{"start":{"line":71,"column":4},"end":{"line":71,"column":22}},"17":{"start":{"line":73,"column":4},"end":{"line":76,"column":6}},"18":{"start":{"line":83,"column":4},"end":{"line":83,"column":24}},"19":{"start":{"line":90,"column":4},"end":{"line":99,"column":6}},"20":{"start":{"line":109,"column":18},"end":{"line":109,"column":30}},"21":{"start":{"line":111,"column":4},"end":{"line":116,"column":5}},"22":{"start":{"line":112,"column":6},"end":{"line":115,"column":8}},"23":{"start":{"line":119,"column":28},"end":{"line":119,"column":59}},"24":{"start":{"line":121,"column":4},"end":{"line":126,"column":5}},"25":{"start":{"line":122,"column":6},"end":{"line":125,"column":8}},"26":{"start":{"line":128,"column":4},"end":{"line":133,"column":5}},"27":{"start":{"line":129,"column":6},"end":{"line":132,"column":8}},"28":{"start":{"line":136,"column":4},"end":{"line":141,"column":5}},"29":{"start":{"line":137,"column":6},"end":{"line":140,"column":8}},"30":{"start":{"line":143,"column":25},"end":{"line":143,"column":57}},"31":{"start":{"line":145,"column":4},"end":{"line":148,"column":6}},"32":{"start":{"line":159,"column":4},"end":{"line":159,"column":39}},"33":{"start":{"line":161,"column":27},"end":{"line":178,"column":5}},"34":{"start":{"line":162,"column":20},"end":{"line":162,"column":37}},"35":{"start":{"line":163,"column":6},"end":{"line":163,"column":25}},"36":{"start":{"line":163,"column":18},"end":{"line":163,"column":25}},"37":{"start":{"line":165,"column":25},"end":{"line":165,"column":56}},"38":{"start":{"line":166,"column":6},"end":{"line":177,"column":7}},"39":{"start":{"line":167,"column":8},"end":{"line":167,"column":47}},"40":{"start":{"line":168,"column":8},"end":{"line":168,"column":44}},"41":{"start":{"line":171,"column":8},"end":{"line":176,"column":9}},"42":{"start":{"line":172,"column":26},"end":{"line":172,"column":59}},"43":{"start":{"line":173,"column":10},"end":{"line":173,"column":59}},"44":{"start":{"line":175,"column":10},"end":{"line":175,"column":53}},"45":{"start":{"line":181,"column":20},"end":{"line":181,"column":53}},"46":{"start":{"line":182,"column":4},"end":{"line":182,"column":53}},"47":{"start":{"line":189,"column":20},"end":{"line":189,"column":59}},"48":{"start":{"line":190,"column":4},"end":{"line":193,"column":5}},"49":{"start":{"line":191,"column":6},"end":{"line":191,"column":28}},"50":{"start":{"line":192,"column":6},"end":{"line":192,"column":49}},"51":{"start":{"line":200,"column":4},"end":{"line":200,"column":75}},"52":{"start":{"line":200,"column":52},"end":{"line":200,"column":73}},"53":{"start":{"line":201,"column":4},"end":{"line":201,"column":39}},"54":{"start":{"line":24,"column":0},"end":{"line":24,"column":13}},"55":{"start":{"line":205,"column":13},"end":{"line":205,"column":47}}},"fnMap":{"0":{"name":"(anonymous_0)","decl":{"start":{"line":24,"column":0},"end":{"line":24,"column":13}},"loc":{"start":{"line":24,"column":0},"end":{"line":203,"column":1}}},"1":{"name":"(anonymous_1)","decl":{"start":{"line":30,"column":2},"end":{"line":30,"column":13}},"loc":{"start":{"line":30,"column":41},"end":{"line":77,"column":3}}},"2":{"name":"(anonymous_2)","decl":{"start":{"line":32,"column":38},"end":{"line":32,"column":42}},"loc":{"start":{"line":32,"column":46},"end":{"line":32,"column":57}}},"3":{"name":"(anonymous_3)","decl":{"start":{"line":43,"column":54},"end":{"line":43,"column":58}},"loc":{"start":{"line":43,"column":61},"end":{"line":51,"column":5}}},"4":{"name":"(anonymous_4)","decl":{"start":{"line":55,"column":6},"end":{"line":55,"column":7}},"loc":{"start":{"line":55,"column":23},"end":{"line":55,"column":59}}},"5":{"name":"(anonymous_5)","decl":{"start":{"line":82,"column":2},"end":{"line":82,"column":14}},"loc":{"start":{"line":82,"column":25},"end":{"line":84,"column":3}}},"6":{"name":"(anonymous_6)","decl":{"start":{"line":89,"column":2},"end":{"line":89,"column":21}},"loc":{"start":{"line":89,"column":34},"end":{"line":100,"column":3}}},"7":{"name":"(anonymous_7)","decl":{"start":{"line":105,"column":2},"end":{"line":105,"column":19}},"loc":{"start":{"line":107,"column":26},"end":{"line":149,"column":3}}},"8":{"name":"(anonymous_8)","decl":{"start":{"line":154,"column":2},"end":{"line":154,"column":23}},"loc":{"start":{"line":156,"column":66},"end":{"line":183,"column":3}}},"9":{"name":"(anonymous_9)","decl":{"start":{"line":161,"column":27},"end":{"line":161,"column":30}},"loc":{"start":{"line":161,"column":32},"end":{"line":178,"column":5}}},"10":{"name":"(anonymous_10)","decl":{"start":{"line":188,"column":2},"end":{"line":188,"column":22}},"loc":{"start":{"line":188,"column":38},"end":{"line":194,"column":3}}},"11":{"name":"(anonymous_11)","decl":{"start":{"line":199,"column":2},"end":{"line":199,"column":20}},"loc":{"start":{"line":199,"column":20},"end":{"line":202,"column":3}}},"12":{"name":"(anonymous_12)","decl":{"start":{"line":200,"column":39},"end":{"line":200,"column":40}},"loc":{"start":{"line":200,"column":52},"end":{"line":200,"column":73}}}},"branchMap":{"0":{"loc":{"start":{"line":35,"column":4},"end":{"line":40,"column":5}},"type":"if","locations":[{"start":{"line":35,"column":4},"end":{"line":40,"column":5}}]},"1":{"loc":{"start":{"line":111,"column":4},"end":{"line":116,"column":5}},"type":"if","locations":[{"start":{"line":111,"column":4},"end":{"line":116,"column":5}}]},"2":{"loc":{"start":{"line":121,"column":4},"end":{"line":126,"column":5}},"type":"if","locations":[{"start":{"line":121,"column":4},"end":{"line":126,"column":5}}]},"3":{"loc":{"start":{"line":128,"column":4},"end":{"line":133,"column":5}},"type":"if","locations":[{"start":{"line":128,"column":4},"end":{"line":133,"column":5}}]},"4":{"loc":{"start":{"line":136,"column":4},"end":{"line":141,"column":5}},"type":"if","locations":[{"start":{"line":136,"column":4},"end":{"line":141,"column":5}}]},"5":{"loc":{"start":{"line":163,"column":6},"end":{"line":163,"column":25}},"type":"if","locations":[{"start":{"line":163,"column":6},"end":{"line":163,"column":25}}]},"6":{"loc":{"start":{"line":166,"column":6},"end":{"line":177,"column":7}},"type":"if","locations":[{"start":{"line":166,"column":6},"end":{"line":177,"column":7}}]},"7":{"loc":{"start":{"line":171,"column":8},"end":{"line":176,"column":9}},"type":"if","locations":[{"start":{"line":171,"column":8},"end":{"line":176,"column":9}},{"start":{"line":174,"column":15},"end":{"line":176,"column":9}}]},"8":{"loc":{"start":{"line":190,"column":4},"end":{"line":193,"column":5}},"type":"if","locations":[{"start":{"line":190,"column":4},"end":{"line":193,"column":5}}]}},"s":{"0":2,"1":2,"2":2,"3":2,"4":2,"5":9,"6":10,"7":9,"8":9,"9":1,"10":8,"11":9,"12":9,"13":8,"14":9,"15":8,"16":8,"17":8,"18":2,"19":6,"20":8,"21":8,"22":1,"23":7,"24":7,"25":1,"26":6,"27":1,"28":5,"29":0,"30":5,"31":5,"32":0,"33":0,"34":0,"35":0,"36":0,"37":0,"38":0,"39":0,"40":0,"41":0,"42":0,"43":0,"44":0,"45":0,"46":0,"47":0,"48":0,"49":0,"50":0,"51":0,"52":0,"53":0,"54":2,"55":2},"f":{"0":2,"1":9,"2":10,"3":9,"4":9,"5":2,"6":6,"7":8,"8":0,"9":0,"10":0,"11":0,"12":0},"b":{"0":[1],"1":[1],"2":[1],"3":[1],"4":[0],"5":[0],"6":[0],"7":[0,0],"8":[0]}}
,"/Users/iamshivansh02/Desktop/FoodHub/real-time-order-tracking/server/src/socket/index.ts": {"path":"/Users/iamshivansh02/Desktop/FoodHub/real-time-order-tracking/server/src/socket/index.ts","statementMap":{"0":{"start":{"line":2,"column":0},"end":{"line":2,"column":61}},"1":{"start":{"line":4,"column":32},"end":{"line":4,"column":36}},"2":{"start":{"line":6,"column":32},"end":{"line":39,"column":1}},"3":{"start":{"line":7,"column":2},"end":{"line":16,"column":5}},"4":{"start":{"line":18,"column":2},"end":{"line":36,"column":5}},"5":{"start":{"line":19,"column":4},"end":{"line":19,"column":50}},"6":{"start":{"line":22,"column":4},"end":{"line":25,"column":7}},"7":{"start":{"line":23,"column":6},"end":{"line":23,"column":27}},"8":{"start":{"line":24,"column":6},"end":{"line":24,"column":72}},"9":{"start":{"line":28,"column":4},"end":{"line":31,"column":7}},"10":{"start":{"line":29,"column":6},"end":{"line":29,"column":28}},"11":{"start":{"line":30,"column":6},"end":{"line":30,"column":76}},"12":{"start":{"line":33,"column":4},"end":{"line":35,"column":7}},"13":{"start":{"line":34,"column":6},"end":{"line":34,"column":55}},"14":{"start":{"line":38,"column":2},"end":{"line":38,"column":12}},"15":{"start":{"line":6,"column":13},"end":{"line":6,"column":32}},"16":{"start":{"line":41,"column":27},"end":{"line":41,"column":58}},"17":{"start":{"line":41,"column":56},"end":{"line":41,"column":58}},"18":{"start":{"line":41,"column":13},"end":{"line":41,"column":27}},"19":{"start":{"line":43,"column":37},"end":{"line":55,"column":1}},"20":{"start":{"line":48,"column":2},"end":{"line":54,"column":3}},"21":{"start":{"line":49,"column":4},"end":{"line":53,"column":7}},"22":{"start":{"line":43,"column":13},"end":{"line":43,"column":37}}},"fnMap":{"0":{"name":"(anonymous_0)","decl":{"start":{"line":6,"column":32},"end":{"line":6,"column":33}},"loc":{"start":{"line":6,"column":71},"end":{"line":39,"column":1}}},"1":{"name":"(anonymous_1)","decl":{"start":{"line":18,"column":22},"end":{"line":18,"column":23}},"loc":{"start":{"line":18,"column":41},"end":{"line":36,"column":3}}},"2":{"name":"(anonymous_2)","decl":{"start":{"line":22,"column":33},"end":{"line":22,"column":34}},"loc":{"start":{"line":22,"column":53},"end":{"line":25,"column":5}}},"3":{"name":"(anonymous_3)","decl":{"start":{"line":28,"column":35},"end":{"line":28,"column":36}},"loc":{"start":{"line":28,"column":55},"end":{"line":31,"column":5}}},"4":{"name":"(anonymous_4)","decl":{"start":{"line":33,"column":28},"end":{"line":33,"column":31}},"loc":{"start":{"line":33,"column":33},"end":{"line":35,"column":5}}},"5":{"name":"(anonymous_5)","decl":{"start":{"line":41,"column":27},"end":{"line":41,"column":53}},"loc":{"start":{"line":41,"column":56},"end":{"line":41,"column":58}}},"6":{"name":"(anonymous_6)","decl":{"start":{"line":43,"column":37},"end":{"line":43,"column":null}},"loc":{"start":{"line":47,"column":10},"end":{"line":55,"column":1}}}},"branchMap":{"0":{"loc":{"start":{"line":9,"column":14},"end":{"line":11,"column":46}},"type":"cond-expr","locations":[{"start":{"line":10,"column":10},"end":{"line":10,"column":13}},{"start":{"line":11,"column":10},"end":{"line":11,"column":46}}]},"1":{"loc":{"start":{"line":48,"column":2},"end":{"line":54,"column":3}},"type":"if","locations":[{"start":{"line":48,"column":2},"end":{"line":54,"column":3}}]}},"s":{"0":2,"1":2,"2":2,"3":0,"4":0,"5":0,"6":0,"7":0,"8":0,"9":0,"10":0,"11":0,"12":0,"13":0,"14":0,"15":2,"16":2,"17":13,"18":2,"19":2,"20":0,"21":0,"22":2},"f":{"0":0,"1":0,"2":0,"3":0,"4":0,"5":13,"6":0},"b":{"0":[0,0],"1":[0]}}
,"/Users/iamshivansh02/Desktop/FoodHub/real-time-order-tracking/server/src/validations/index.ts": {"path":"/Users/iamshivansh02/Desktop/FoodHub/real-time-order-tracking/server/src/validations/index.ts","statementMap":{"0":{"start":{"line":1,"column":0},"end":{"line":1,"column":34}}},"fnMap":{},"branchMap":{},"s":{"0":2},"f":{},"b":{}}
,"/Users/iamshivansh02/Desktop/FoodHub/real-time-order-tracking/server/src/validations/orderValidation.ts": {"path":"/Users/iamshivansh02/Desktop/FoodHub/real-time-order-tracking/server/src/validations/orderValidation.ts","statementMap":{"0":{"start":{"line":1,"column":0},"end":{"line":1,"column":24}},"1":{"start":{"line":4,"column":19},"end":{"line":4,"column":78}},"2":{"start":{"line":7,"column":13},"end":{"line":12,"column":3}},"3":{"start":{"line":15,"column":13},"end":{"line":26,"column":3}},"4":{"start":{"line":29,"column":13},"end":{"line":31,"column":3}}},"fnMap":{},"branchMap":{},"s":{"0":2,"1":2,"2":2,"3":2,"4":2},"f":{},"b":{}}
}
