TN:
SF:src/app.ts
FN:6,(anonymous_1)
FN:26,(anonymous_2)
FNF:2
FNH:2
FNDA:2,(anonymous_1)
FNDA:31,(anonymous_2)
DA:1,2
DA:2,2
DA:3,2
DA:4,2
DA:6,2
DA:7,2
DA:10,2
DA:20,2
DA:21,2
DA:22,2
DA:25,2
DA:26,2
DA:27,31
DA:28,31
DA:33,2
DA:36,2
DA:37,2
DA:39,2
LF:18
LH:18
BRDA:11,0,0,0
BRDA:11,0,1,2
BRDA:25,1,0,2
BRF:3
BRH:2
end_of_record
TN:
SF:src/controllers/index.ts
FNF:0
FNH:0
DA:1,2
DA:2,2
LF:2
LH:2
BRF:0
BRH:0
end_of_record
TN:
SF:src/controllers/menuController.ts
FN:8,(anonymous_0)
FN:19,(anonymous_1)
FNF:2
FNH:2
FNDA:2,(anonymous_0)
FNDA:2,(anonymous_1)
DA:2,2
DA:4,2
DA:9,2
DA:10,2
DA:20,2
DA:21,2
DA:23,2
DA:24,1
DA:28,1
DA:31,1
DA:38,2
LF:11
LH:11
BRDA:23,0,0,1
BRF:1
BRH:1
end_of_record
TN:
SF:src/controllers/orderController.ts
FN:10,(anonymous_0)
FN:26,(anonymous_1)
FN:44,(anonymous_2)
FN:65,(anonymous_3)
FNF:4
FNH:3
FNDA:9,(anonymous_0)
FNDA:0,(anonymous_1)
FNDA:2,(anonymous_2)
FNDA:8,(anonymous_3)
DA:2,2
DA:4,2
DA:6,2
DA:11,9
DA:13,9
DA:15,9
DA:16,1
DA:20,1
DA:24,8
DA:25,8
DA:26,0
DA:27,0
DA:35,8
DA:45,2
DA:46,2
DA:48,2
DA:49,1
DA:53,1
DA:56,1
DA:66,8
DA:67,8
DA:69,8
DA:71,8
DA:72,3
DA:73,3
DA:77,3
DA:81,5
DA:82,5
DA:83,0
DA:90,5
DA:97,2
LF:31
LH:28
BRDA:15,0,0,1
BRDA:25,1,0,0
BRDA:25,2,0,8
BRDA:25,2,1,0
BRDA:48,3,0,1
BRDA:71,4,0,3
BRDA:72,5,0,1
BRDA:72,5,1,2
BRDA:82,6,0,0
BRDA:82,7,0,5
BRDA:82,7,1,0
BRF:11
BRH:7
end_of_record
TN:
SF:src/middleware/errorHandler.ts
FN:8,(anonymous_0)
FN:16,(anonymous_1)
FN:26,(anonymous_2)
FN:58,(anonymous_3)
FNF:4
FNH:0
FNDA:0,(anonymous_0)
FNDA:0,(anonymous_1)
FNDA:0,(anonymous_2)
FNDA:0,(anonymous_3)
DA:2,2
DA:5,2
DA:9,0
DA:10,0
DA:11,0
DA:16,2
DA:22,0
DA:25,0
DA:26,0
DA:31,0
DA:36,0
DA:40,0
DA:41,0
DA:45,0
DA:49,0
DA:58,2
DA:63,0
LF:17
LH:4
BRDA:8,0,0,0
BRDA:25,1,0,0
BRDA:40,2,0,0
BRDA:51,3,0,0
BRDA:51,3,1,0
BRF:5
BRH:0
end_of_record
TN:
SF:src/middleware/index.ts
FNF:0
FNH:0
DA:1,2
DA:2,2
LF:2
LH:2
BRF:0
BRH:0
end_of_record
TN:
SF:src/middleware/validateRequest.ts
FN:7,(anonymous_0)
FN:8,(anonymous_1)
FN:14,(anonymous_2)
FNF:3
FNH:3
FNDA:4,(anonymous_0)
FNDA:24,(anonymous_1)
FNDA:7,(anonymous_2)
DA:2,2
DA:7,2
DA:8,4
DA:9,24
DA:10,24
DA:11,17
DA:13,7
DA:14,7
DA:19,7
DA:24,7
DA:26,0
LF:11
LH:10
BRDA:13,0,0,7
BRDA:21,1,0,7
BRDA:21,1,1,0
BRF:3
BRH:2
end_of_record
TN:
SF:src/models/index.ts
FNF:0
FNH:0
DA:1,2
DA:2,2
LF:2
LH:2
BRF:0
BRH:0
end_of_record
TN:
SF:src/models/store.ts
FN:46,(anonymous_0)
FN:48,(anonymous_1)
FN:49,(anonymous_2)
FN:51,(anonymous_3)
FN:53,(anonymous_4)
FN:58,(anonymous_5)
FN:68,(anonymous_6)
FNF:7
FNH:6
FNDA:2,(anonymous_0)
FNDA:21,(anonymous_1)
FNDA:31,(anonymous_2)
FNDA:10,(anonymous_3)
FNDA:8,(anonymous_4)
FNDA:5,(anonymous_5)
FNDA:0,(anonymous_6)
DA:4,2
DA:43,2
DA:46,2
DA:48,2
DA:49,31
DA:51,10
DA:53,2
DA:54,8
DA:55,8
DA:58,2
DA:59,5
DA:60,5
DA:61,5
DA:62,5
DA:63,5
DA:65,0
DA:68,2
LF:17
LH:16
BRDA:60,0,0,5
BRF:1
BRH:1
end_of_record
TN:
SF:src/routes/index.ts
FN:12,(anonymous_1)
FNF:1
FNH:1
FNDA:1,(anonymous_1)
DA:1,2
DA:2,2
DA:3,2
DA:5,2
DA:8,2
DA:9,2
DA:12,2
DA:13,1
DA:16,2
LF:9
LH:9
BRF:0
BRH:0
end_of_record
TN:
SF:src/routes/menuRoutes.ts
FN:7,(anonymous_0)
FN:10,(anonymous_1)
FNF:2
FNH:2
FNDA:2,(anonymous_0)
FNDA:2,(anonymous_1)
DA:1,2
DA:2,2
DA:4,2
DA:7,2
DA:10,2
DA:12,2
LF:6
LH:6
BRF:0
BRH:0
end_of_record
TN:
SF:src/routes/orderRoutes.ts
FN:12,(anonymous_0)
FN:16,(anonymous_1)
FN:22,(anonymous_2)
FNF:3
FNH:3
FNDA:9,(anonymous_0)
FNDA:2,(anonymous_1)
FNDA:8,(anonymous_2)
DA:1,2
DA:2,2
DA:3,2
DA:4,2
DA:6,2
DA:9,2
DA:12,9
DA:16,2
DA:19,2
DA:22,8
DA:25,2
LF:11
LH:11
BRF:0
BRH:0
end_of_record
TN:
SF:src/services/index.ts
FNF:0
FNH:0
DA:1,2
DA:2,2
LF:2
LH:2
BRF:0
BRH:0
end_of_record
TN:
SF:src/services/menuService.ts
FN:8,(anonymous_0)
FN:15,(anonymous_1)
FN:22,(anonymous_2)
FN:23,(anonymous_3)
FNF:4
FNH:4
FNDA:2,(anonymous_0)
FNDA:2,(anonymous_1)
FNDA:9,(anonymous_2)
FNDA:10,(anonymous_3)
DA:1,2
DA:4,2
DA:9,2
DA:16,2
DA:23,10
DA:24,9
DA:31,2
LF:7
LH:7
BRF:0
BRH:0
end_of_record
TN:
SF:src/services/orderService.ts
FN:24,(anonymous_0)
FN:30,(anonymous_1)
FN:32,(anonymous_2)
FN:43,(anonymous_3)
FN:55,(anonymous_4)
FN:82,(anonymous_5)
FN:89,(anonymous_6)
FN:105,(anonymous_7)
FN:154,(anonymous_8)
FN:161,(anonymous_9)
FN:188,(anonymous_10)
FN:199,(anonymous_11)
FN:200,(anonymous_12)
FNF:13
FNH:8
FNDA:2,(anonymous_0)
FNDA:9,(anonymous_1)
FNDA:10,(anonymous_2)
FNDA:9,(anonymous_3)
FNDA:9,(anonymous_4)
FNDA:2,(anonymous_5)
FNDA:6,(anonymous_6)
FNDA:8,(anonymous_7)
FNDA:0,(anonymous_8)
FNDA:0,(anonymous_9)
FNDA:0,(anonymous_10)
FNDA:0,(anonymous_11)
FNDA:0,(anonymous_12)
DA:1,2
DA:9,2
DA:15,2
DA:18,2
DA:24,2
DA:25,2
DA:32,10
DA:33,9
DA:35,9
DA:36,1
DA:43,8
DA:44,9
DA:45,9
DA:54,8
DA:55,9
DA:60,8
DA:71,8
DA:73,8
DA:83,2
DA:90,6
DA:109,8
DA:111,8
DA:112,1
DA:119,7
DA:121,7
DA:122,1
DA:128,6
DA:129,1
DA:136,5
DA:137,0
DA:143,5
DA:145,5
DA:159,0
DA:161,0
DA:162,0
DA:163,0
DA:165,0
DA:166,0
DA:167,0
DA:168,0
DA:171,0
DA:172,0
DA:173,0
DA:175,0
DA:181,0
DA:182,0
DA:189,0
DA:190,0
DA:191,0
DA:192,0
DA:200,0
DA:201,0
DA:205,2
LF:53
LH:32
BRDA:35,0,0,1
BRDA:111,1,0,1
BRDA:121,2,0,1
BRDA:128,3,0,1
BRDA:136,4,0,0
BRDA:163,5,0,0
BRDA:166,6,0,0
BRDA:171,7,0,0
BRDA:171,7,1,0
BRDA:190,8,0,0
BRF:10
BRH:4
end_of_record
TN:
SF:src/socket/index.ts
FN:6,(anonymous_0)
FN:18,(anonymous_1)
FN:22,(anonymous_2)
FN:28,(anonymous_3)
FN:33,(anonymous_4)
FN:41,(anonymous_5)
FN:43,(anonymous_6)
FNF:7
FNH:1
FNDA:0,(anonymous_0)
FNDA:0,(anonymous_1)
FNDA:0,(anonymous_2)
FNDA:0,(anonymous_3)
FNDA:0,(anonymous_4)
FNDA:13,(anonymous_5)
FNDA:0,(anonymous_6)
DA:2,2
DA:4,2
DA:6,2
DA:7,0
DA:18,0
DA:19,0
DA:22,0
DA:23,0
DA:24,0
DA:28,0
DA:29,0
DA:30,0
DA:33,0
DA:34,0
DA:38,0
DA:41,13
DA:43,2
DA:48,0
DA:49,0
LF:19
LH:5
BRDA:9,0,0,0
BRDA:9,0,1,0
BRDA:48,1,0,0
BRF:3
BRH:0
end_of_record
TN:
SF:src/validations/index.ts
FNF:0
FNH:0
DA:1,2
LF:1
LH:1
BRF:0
BRH:0
end_of_record
TN:
SF:src/validations/orderValidation.ts
FNF:0
FNH:0
DA:1,2
DA:4,2
DA:7,2
DA:15,2
DA:29,2
LF:5
LH:5
BRF:0
BRH:0
end_of_record
